[    0.000000] Linux version 4.15.0-212-generic (buildd@lcy02-amd64-083) (gcc version 7.5.0 (Ubuntu 7.5.0-3ubuntu1~18.04)) #223-Ubuntu SMP Tue May 23 13:09:22 UTC 2023 (Ubuntu 4.15.0-212.223-generic 4.15.18)
[    0.000000] Command line: BOOT_IMAGE=/boot/vmlinuz-4.15.0-212-generic root=LABEL=cloudimg-rootfs ro console=tty1 console=ttyS0
[    0.000000] KERNEL supported cpus:
[    0.000000]   Intel GenuineIntel
[    0.000000]   AMD AuthenticAMD
[    0.000000]   Centaur CentaurHauls
[    0.000000] x86/fpu: x87 FPU will use FXSAVE
[    0.000000] e820: BIOS-provided physical RAM map:
[    0.000000] BIOS-e820: [mem 0x0000000000000000-0x000000000009fbff] usable
[    0.000000] BIOS-e820: [mem 0x000000000009fc00-0x000000000009ffff] reserved
[    0.000000] BIOS-e820: [mem 0x00000000000f0000-0x00000000000fffff] reserved
[    0.000000] BIOS-e820: [mem 0x0000000000100000-0x000000001ffeffff] usable
[    0.000000] BIOS-e820: [mem 0x000000001fff0000-0x000000001fffffff] ACPI data
[    0.000000] BIOS-e820: [mem 0x00000000fec00000-0x00000000fec00fff] reserved
[    0.000000] BIOS-e820: [mem 0x00000000fee00000-0x00000000fee00fff] reserved
[    0.000000] BIOS-e820: [mem 0x00000000fffc0000-0x00000000ffffffff] reserved
[    0.000000] NX (Execute Disable) protection: active
[    0.000000] SMBIOS 2.5 present.
[    0.000000] DMI: innotek GmbH VirtualBox/VirtualBox, BIOS VirtualBox 12/01/2006
[    0.000000] Hypervisor detected: KVM
[    0.000000] e820: last_pfn = 0x1fff0 max_arch_pfn = 0x400000000
[    0.000000] x86/PAT: Configuration [0-7]: WB  WC  UC- UC  WB  WP  UC- WT  
[    0.000000] CPU MTRRs all blank - virtualized system.
[    0.000000] found SMP MP-table at [mem 0x0009fbf0-0x0009fbff]
[    0.000000] Scanning 1 areas for low memory corruption
[    0.000000] RAMDISK: [mem 0x1db01000-0x1ee12fff]
[    0.000000] ACPI: Early table checksum verification disabled
[    0.000000] ACPI: RSDP 0x00000000000E0000 000024 (v02 VBOX  )
[    0.000000] ACPI: XSDT 0x000000001FFF0030 00003C (v01 VBOX   VBOXXSDT 00000001 ASL  00000061)
[    0.000000] ACPI: FACP 0x000000001FFF00F0 0000F4 (v04 VBOX   VBOXFACP 00000001 ASL  00000061)
[    0.000000] ACPI: DSDT 0x000000001FFF0610 002353 (v02 VBOX   VBOXBIOS 00000002 INTL 20100528)
[    0.000000] ACPI: FACS 0x000000001FFF0200 000040
[    0.000000] ACPI: FACS 0x000000001FFF0200 000040
[    0.000000] ACPI: APIC 0x000000001FFF0240 000054 (v02 VBOX   VBOXAPIC 00000001 ASL  00000061)
[    0.000000] ACPI: SSDT 0x000000001FFF02A0 00036C (v01 VBOX   VBOXCPUT 00000002 INTL 20100528)
[    0.000000] ACPI: Reserving FACP table memory at [mem 0x1fff00f0-0x1fff01e3]
[    0.000000] ACPI: Reserving DSDT table memory at [mem 0x1fff0610-0x1fff2962]
[    0.000000] ACPI: Reserving FACS table memory at [mem 0x1fff0200-0x1fff023f]
[    0.000000] ACPI: Reserving FACS table memory at [mem 0x1fff0200-0x1fff023f]
[    0.000000] ACPI: Reserving APIC table memory at [mem 0x1fff0240-0x1fff0293]
[    0.000000] ACPI: Reserving SSDT table memory at [mem 0x1fff02a0-0x1fff060b]
[    0.000000] No NUMA configuration found
[    0.000000] Faking a node at [mem 0x0000000000000000-0x000000001ffeffff]
[    0.000000] NODE_DATA(0) allocated [mem 0x1ffc5000-0x1ffeffff]
[    0.000000] kvm-clock: cpu 0, msr 0:1ff44001, primary cpu clock
[    0.000000] kvm-clock: Using msrs 4b564d01 and 4b564d00
[    0.000000] kvm-clock: using sched offset of 11614519910 cycles
[    0.000000] clocksource: kvm-clock: mask: 0xffffffffffffffff max_cycles: 0x1cd42e4dffb, max_idle_ns: 881590591483 ns
[    0.000000] Zone ranges:
[    0.000000]   DMA      [mem 0x0000000000001000-0x0000000000ffffff]
[    0.000000]   DMA32    [mem 0x0000000001000000-0x000000001ffeffff]
[    0.000000]   Normal   empty
[    0.000000]   Device   empty
[    0.000000] Movable zone start for each node
[    0.000000] Early memory node ranges
[    0.000000]   node   0: [mem 0x0000000000001000-0x000000000009efff]
[    0.000000]   node   0: [mem 0x0000000000100000-0x000000001ffeffff]
[    0.000000] Reserved but unavailable: 104 pages
[    0.000000] Initmem setup node 0 [mem 0x0000000000001000-0x000000001ffeffff]
[    0.000000] ACPI: PM-Timer IO Port: 0x4008
[    0.000000] IOAPIC[0]: apic_id 1, version 32, address 0xfec00000, GSI 0-23
[    0.000000] ACPI: INT_SRC_OVR (bus 0 bus_irq 0 global_irq 2 dfl dfl)
[    0.000000] ACPI: INT_SRC_OVR (bus 0 bus_irq 9 global_irq 9 low level)
[    0.000000] Using ACPI (MADT) for SMP configuration information
[    0.000000] smpboot: Allowing 1 CPUs, 0 hotplug CPUs
[    0.000000] PM: Registered nosave memory: [mem 0x00000000-0x00000fff]
[    0.000000] PM: Registered nosave memory: [mem 0x0009f000-0x0009ffff]
[    0.000000] PM: Registered nosave memory: [mem 0x000a0000-0x000effff]
[    0.000000] PM: Registered nosave memory: [mem 0x000f0000-0x000fffff]
[    0.000000] e820: [mem 0x20000000-0xfebfffff] available for PCI devices
[    0.000000] Booting paravirtualized kernel on KVM
[    0.000000] clocksource: refined-jiffies: mask: 0xffffffff max_cycles: 0xffffffff, max_idle_ns: 7645519600211568 ns
[    0.000000] setup_percpu: NR_CPUS:8192 nr_cpumask_bits:1 nr_cpu_ids:1 nr_node_ids:1
[    0.000000] percpu: Embedded 50 pages/cpu s167936 r8192 d28672 u2097152
[    0.000000] PV qspinlock hash table entries: 256 (order: 0, 4096 bytes)
[    0.000000] Built 1 zonelists, mobility grouping on.  Total pages: 128889
[    0.000000] Policy zone: DMA32
[    0.000000] Kernel command line: BOOT_IMAGE=/boot/vmlinuz-4.15.0-212-generic root=LABEL=cloudimg-rootfs ro console=tty1 console=ttyS0
[    0.000000] Memory: 466748K/523832K available (12300K kernel code, 2477K rwdata, 4324K rodata, 2480K init, 2720K bss, 57084K reserved, 0K cma-reserved)
[    0.000000] SLUB: HWalign=64, Order=0-3, MinObjects=0, CPUs=1, Nodes=1
[    0.000000] Kernel/User page tables isolation: enabled
[    0.000000] ftrace: allocating 39508 entries in 155 pages
[    0.004000] Hierarchical RCU implementation.
[    0.004000] 	RCU restricting CPUs from NR_CPUS=8192 to nr_cpu_ids=1.
[    0.004000] 	Tasks RCU enabled.
[    0.004000] RCU: Adjusting geometry for rcu_fanout_leaf=16, nr_cpu_ids=1
[    0.004000] NR_IRQS: 524544, nr_irqs: 256, preallocated irqs: 16
[    0.004000] Console: colour VGA+ 80x25
[    0.004000] console [tty1] enabled
[    0.004000] console [ttyS0] enabled
[    0.004000] ACPI: Core revision 20170831
[    0.004000] ACPI: 2 ACPI AML tables successfully acquired and loaded
[    0.004000] APIC: Switch to symmetric I/O mode setup
[    0.012000] ..TIMER: vector=0x30 apic1=0 pin1=2 apic2=-1 pin2=-1
[    0.012053] tsc: Detected 2494.332 MHz processor
[    0.016057] Calibrating delay loop (skipped) preset value.. 4988.66 BogoMIPS (lpj=9977328)
[    0.024016] pid_max: default: 32768 minimum: 301
[    0.032620] Security Framework initialized
[    0.036022] Yama: becoming mindful.
[    0.040187] AppArmor: AppArmor initialized
[    0.048000] Dentry cache hash table entries: 65536 (order: 7, 524288 bytes)
[    0.048217] Inode-cache hash table entries: 32768 (order: 6, 262144 bytes)
[    0.056335] Mount-cache hash table entries: 1024 (order: 1, 8192 bytes)
[    0.060029] Mountpoint-cache hash table entries: 1024 (order: 1, 8192 bytes)
[    0.076700] Last level iTLB entries: 4KB 512, 2MB 8, 4MB 8
[    0.084011] Last level dTLB entries: 4KB 512, 2MB 32, 4MB 32, 1GB 0
[    0.088024] Spectre V1 : Mitigation: usercopy/swapgs barriers and __user pointer sanitization
[    0.092019] Spectre V2 : Mitigation: Retpolines
[    0.096011] Spectre V2 : Spectre v2 / SpectreRSB mitigation: Filling RSB on context switch
[    0.100011] Spectre V2 : Spectre v2 / SpectreRSB : Filling RSB on VMEXIT
[    0.104012] Speculative Store Bypass: Vulnerable
[    0.108157] MDS: Mitigation: Clear CPU buffers
[    0.112012] MMIO Stale Data: Unknown: No mitigations
[    0.149702] Freeing SMP alternatives memory: 36K
[    0.280000] APIC calibration not consistent with PM-Timer: 242ms instead of 100ms
[    0.280000] APIC delta adjusted to PM-Timer: 6329441 (15365386)
[    0.281470] smpboot: CPU0: Intel(R) Core(TM) i3-3120M CPU @ 2.50GHz (family: 0x6, model: 0x3a, stepping: 0x9)
[    0.284295] Performance Events: unsupported p6 CPU model 58 no PMU driver, software events only.
[    0.288529] Hierarchical SRCU implementation.
[    0.293866] NMI watchdog: Perf event create on CPU 0 failed with -2
[    0.296013] NMI watchdog: Perf NMI watchdog permanently disabled
[    0.304205] smp: Bringing up secondary CPUs ...
[    0.308038] smp: Brought up 1 node, 1 CPU
[    0.312014] smpboot: Max logical packages: 1
[    0.316095] smpboot: Total of 1 processors activated (4988.66 BogoMIPS)
[    0.322336] devtmpfs: initialized
[    0.324265] x86/mm: Memory block size: 128MB
[    0.328483] evm: security.selinux
[    0.332023] evm: security.SMACK64
[    0.336037] evm: security.SMACK64EXEC
[    0.340052] evm: security.SMACK64TRANSMUTE
[    0.344013] evm: security.SMACK64MMAP
[    0.348015] evm: security.apparmor
[    0.352015] evm: security.ima
[    0.356013] evm: security.capability
[    0.360514] clocksource: jiffies: mask: 0xffffffff max_cycles: 0xffffffff, max_idle_ns: 7645041785100000 ns
[    0.364048] futex hash table entries: 256 (order: 2, 16384 bytes)
[    0.372166] pinctrl core: initialized pinctrl subsystem
[    0.380632] RTC time: 16:03:53, date: 03/25/25
[    0.384534] NET: Registered protocol family 16
[    0.388320] audit: initializing netlink subsys (disabled)
[    0.392740] cpuidle: using governor ladder
[    0.396026] audit: type=2000 audit(1742918640.484:1): state=initialized audit_enabled=0 res=1
[    0.404116] cpuidle: using governor menu
[    0.408823] ACPI: bus type PCI registered
[    0.412026] acpiphp: ACPI Hot Plug PCI Controller Driver version: 0.5
[    0.417489] PCI: Using configuration type 1 for base access
[    0.424544] HugeTLB registered 2.00 MiB page size, pre-allocated 0 pages
[    0.429034] ACPI: Added _OSI(Module Device)
[    0.432027] ACPI: Added _OSI(Processor Device)
[    0.436015] ACPI: Added _OSI(3.0 _SCP Extensions)
[    0.440179] ACPI: Added _OSI(Processor Aggregator Device)
[    0.444206] ACPI: Added _OSI(Linux-Dell-Video)
[    0.452033] ACPI: Added _OSI(Linux-Lenovo-NV-HDMI-Audio)
[    0.456019] ACPI: Added _OSI(Linux-HPI-Hybrid-Graphics)
[    0.468881] ACPI: Executed 1 blocks of module-level executable AML code
[    0.500000] ACPI: Interpreter enabled
[    0.500062] ACPI: (supports S0 S5)
[    0.504274] ACPI: Using IOAPIC for interrupt routing
[    0.514406] PCI: Using host bridge windows from ACPI; if necessary, use "pci=nocrs" and report a bug
[    0.518079] ACPI: Enabled 2 GPEs in block 00 to 07
[    0.606485] ACPI: PCI Root Bridge [PCI0] (domain 0000 [bus 00-ff])
[    0.608042] acpi PNP0A03:00: _OSC: OS supports [ASPM ClockPM Segments MSI]
[    0.618177] acpi PNP0A03:00: _OSC: not requesting OS control; OS requires [ExtendedConfig ASPM ClockPM MSI]
[    0.620066] acpi PNP0A03:00: fail to add MMCONFIG information, can't access extended PCI configuration space under this bridge.
[    0.629471] PCI host bridge to bus 0000:00
[    0.632024] pci_bus 0000:00: root bus resource [io  0x0000-0x0cf7 window]
[    0.640049] pci_bus 0000:00: root bus resource [io  0x0d00-0xffff window]
[    0.644019] pci_bus 0000:00: root bus resource [mem 0x000a0000-0x000bffff window]
[    0.648019] pci_bus 0000:00: root bus resource [mem 0x20000000-0xfdffffff window]
[    0.656031] pci_bus 0000:00: root bus resource [bus 00-ff]
[    0.704564] pci 0000:00:01.1: legacy IDE quirk: reg 0x10: [io  0x01f0-0x01f7]
[    0.708595] pci 0000:00:01.1: legacy IDE quirk: reg 0x14: [io  0x03f6]
[    0.712144] pci 0000:00:01.1: legacy IDE quirk: reg 0x18: [io  0x0170-0x0177]
[    0.716019] pci 0000:00:01.1: legacy IDE quirk: reg 0x1c: [io  0x0376]
[    1.024732] pci 0000:00:07.0: quirk: [io  0x4000-0x403f] claimed by PIIX4 ACPI
[    1.028123] pci 0000:00:07.0: quirk: [io  0x4100-0x410f] claimed by PIIX4 SMB
[    1.188533] ACPI: PCI Interrupt Link [LNKA] (IRQs 5 9 10 *11)
[    1.208078] ACPI: PCI Interrupt Link [LNKB] (IRQs 5 9 *10 11)
[    1.216752] ACPI: PCI Interrupt Link [LNKC] (IRQs 5 *9 10 11)
[    1.224780] ACPI: PCI Interrupt Link [LNKD] (IRQs 5 9 10 *11)
[    1.237100] SCSI subsystem initialized
[    1.240667] pci 0000:00:02.0: vgaarb: setting as boot VGA device
[    1.244000] pci 0000:00:02.0: vgaarb: VGA device added: decodes=io+mem,owns=io+mem,locks=none
[    1.244032] pci 0000:00:02.0: vgaarb: bridge control possible
[    1.252020] vgaarb: loaded
[    1.256657] ACPI: bus type USB registered
[    1.260091] usbcore: registered new interface driver usbfs
[    1.264065] usbcore: registered new interface driver hub
[    1.268068] usbcore: registered new device driver usb
[    1.279593] EDAC MC: Ver: 3.0.0
[    1.293379] PCI: Using ACPI for IRQ routing
[    1.306011] NetLabel: Initializing
[    1.308018] NetLabel:  domain hash size = 128
[    1.312020] NetLabel:  protocols = UNLABELED CIPSOv4 CALIPSO
[    1.320112] NetLabel:  unlabeled traffic allowed by default
[    1.328196] clocksource: Switched to clocksource kvm-clock
[    1.744356] VFS: Disk quotas dquot_6.6.0
[    1.761746] VFS: Dquot-cache hash table entries: 512 (order 0, 4096 bytes)
[    1.792699] AppArmor: AppArmor Filesystem Enabled
[    1.814048] pnp: PnP ACPI init
[    1.847395] pnp: PnP ACPI: found 3 devices
[    1.974435] clocksource: acpi_pm: mask: 0xffffff max_cycles: 0xffffff, max_idle_ns: 2085701024 ns
[    2.049071] NET: Registered protocol family 2
[    2.073624] IP idents hash table entries: 8192 (order: 4, 65536 bytes)
[    2.105140] TCP established hash table entries: 4096 (order: 3, 32768 bytes)
[    2.135445] TCP bind hash table entries: 4096 (order: 4, 65536 bytes)
[    2.175912] TCP: Hash tables configured (established 4096 bind 4096)
[    2.203040] UDP hash table entries: 256 (order: 1, 8192 bytes)
[    2.230835] UDP-Lite hash table entries: 256 (order: 1, 8192 bytes)
[    2.262865] NET: Registered protocol family 1
[    2.286185] pci 0000:00:00.0: Limiting direct PCI/PCI transfers
[    2.313131] pci 0000:00:01.0: Activating ISA DMA hang workarounds
[    2.332036] pci 0000:00:02.0: Video device with shadowed ROM at [mem 0x000c0000-0x000dffff]
[    2.381057] Unpacking initramfs...
[    6.298604] Freeing initrd memory: 19528K
[    6.331540] clocksource: tsc: mask: 0xffffffffffffffff max_cycles: 0x23f44f92df3, max_idle_ns: 440795329494 ns
[    6.382726] platform rtc_cmos: registered platform RTC device (no PNP device found)
[    6.430440] Scanning for low memory corruption every 60 seconds
[    6.463867] Initialise system trusted keyrings
[    6.493220] Key type blacklist registered
[    6.526981] workingset: timestamp_bits=36 max_order=17 bucket_order=0
[    6.572025] zbud: loaded
[    6.629894] squashfs: version 4.0 (2009/01/31) Phillip Lougher
[    6.682670] fuse init (API version 7.26)
[    6.733210] Key type asymmetric registered
[    6.754169] Asymmetric key parser 'x509' registered
[    6.794085] Block layer SCSI generic (bsg) driver version 0.4 loaded (major 246)
[    6.831485] io scheduler noop registered
[    6.849251] io scheduler deadline registered
[    6.868497] io scheduler cfq registered (default)
[    6.914536] ACPI: AC Adapter [AC] (on-line)
[    6.933083] input: Power Button as /devices/LNXSYSTM:00/LNXPWRBN:00/input/input0
[    6.969961] ACPI: Power Button [PWRF]
[    7.001287] input: Sleep Button as /devices/LNXSYSTM:00/LNXSLPBN:00/input/input1
[    7.034786] ACPI: Sleep Button [SLPF]
[    7.062211] Serial: 8250/16550 driver, 32 ports, IRQ sharing enabled
[    7.087224] ACPI: Battery Slot [BAT0] (battery present)
[    7.221817] 00:02: ttyS0 at I/O 0x3f8 (irq = 4, base_baud = 115200) is a 16550A
[    7.283054] Linux agpgart interface v0.103
[    7.336169] loop: module loaded
[    7.369621] scsi host0: ata_piix
[    7.415722] scsi host1: ata_piix
[    7.433339] ata1: PATA max UDMA/33 cmd 0x1f0 ctl 0x3f6 bmdma 0xd000 irq 14
[    7.462054] ata2: PATA max UDMA/33 cmd 0x170 ctl 0x376 bmdma 0xd008 irq 15
[    7.505504] tun: Universal TUN/TAP device driver, 1.6
[    7.535262] PPP generic driver version 2.4.2
[    7.552961] ehci_hcd: USB 2.0 'Enhanced' Host Controller (EHCI) Driver
[    7.586171] ehci-pci: EHCI PCI platform driver
[    7.639404] ehci-platform: EHCI generic platform driver
[    8.005754] ohci_hcd: USB 1.1 'Open' Host Controller (OHCI) Driver
[    8.036994] ohci-pci: OHCI PCI platform driver
[    8.056086] ohci-platform: OHCI generic platform driver
[    8.084416] uhci_hcd: USB Universal Host Controller Interface driver
[    8.115880] i8042: PNP: PS/2 Controller [PNP0303:PS2K,PNP0f03:PS2M] at 0x60,0x64 irq 1,12
[    8.175142] serio: i8042 KBD port at 0x60,0x64 irq 1
[    8.206488] serio: i8042 AUX port at 0x60,0x64 irq 12
[    8.247715] mousedev: PS/2 mouse device common for all mice
[    8.289344] rtc_cmos rtc_cmos: rtc core: registered rtc_cmos as rtc0
[    8.337493] input: AT Translated Set 2 keyboard as /devices/platform/i8042/serio0/input/input2
[    8.389461] rtc_cmos rtc_cmos: alarms up to one day, 114 bytes nvram
[    8.421955] i2c /dev entries driver
[    8.438158] device-mapper: uevent: version 1.0.3
[    8.454737] device-mapper: ioctl: 4.37.0-ioctl (2017-09-20) initialised: dm-devel@redhat.com
[    8.490559] ledtrig-cpu: registered to indicate activity on CPUs
[    8.522797] NET: Registered protocol family 10
[    8.575299] Segment Routing with IPv6
[    8.607215] NET: Registered protocol family 17
[    8.637891] Key type dns_resolver registered
[    8.673017] mce: Using 0 MCE banks
[    8.708067] RAS: Correctable Errors collector initialized.
[    8.748826] sched_clock: Marking stable (8748530518, 0)->(17990963127, -9242432609)
[    8.840636] registered taskstats version 1
[    8.876994] Loading compiled-in X.509 certificates
[    8.940188] Loaded X.509 cert 'Build time autogenerated kernel key: b5b26778eaa3ab3a4a6cee031137706e947d12ad'
[    9.055218] Loaded X.509 cert 'Canonical Ltd. Live Patch Signing: 14df34d1a87cf37625abec039ef2bf521249b969'
[    9.122979] Loaded X.509 cert 'Canonical Ltd. Kernel Module Signing: 88f752e560a1e0737e31163a466ad7b70a850c19'
[    9.186842] blacklist: Loading compiled-in revocation X.509 certificates
[    9.240275] Loaded X.509 cert 'Canonical Ltd. Secure Boot Signing: 61482aa2830d0ab2ad5af10b7250da9033ddcef0'
[    9.302631] Loaded X.509 cert 'Canonical Ltd. Secure Boot Signing (2017): 242ade75ac4a15e50d50c84b0d45ff3eae707a03'
[    9.353228] Loaded X.509 cert 'Canonical Ltd. Secure Boot Signing (ESM 2018): 365188c1d374d6b07c3c8f240f8ef722433d6a8b'
[    9.410974] Loaded X.509 cert 'Canonical Ltd. Secure Boot Signing (2019): c0746fd6c5da3ae827864651ad66ae47fe24b3e8'
[    9.487255] Loaded X.509 cert 'Canonical Ltd. Secure Boot Signing (2021 v1): a8d54bbb3825cfb94fa13c9f8a594a195c107b8d'
[    9.585564] Loaded X.509 cert 'Canonical Ltd. Secure Boot Signing (2021 v2): 4cf046892d6fd3c9a5b03f98d845f90851dc6a8c'
[    9.658454] Loaded X.509 cert 'Canonical Ltd. Secure Boot Signing (2021 v3): 100437bb6de6e469b581e61cd66bce3ef4ed53af'
[    9.707568] Loaded X.509 cert 'Canonical Ltd. Secure Boot Signing (Ubuntu Core 2019): c1d57b8f6b743f23ee41f4f7ee292f06eecadfb9'
[    9.761704] zswap: loaded using pool lzo/zbud
[    9.864513] Key type big_key registered
[    9.888869] Key type trusted registered
[    9.956658] Key type encrypted registered
[    9.979702] AppArmor: AppArmor sha1 policy hashing enabled
[   10.022033] ima: No TPM chip found, activating TPM-bypass! (rc=-19)
[   10.056036] ima: Allocated hash algorithm: sha1
[   10.076028] evm: HMAC attrs: 0x1
[   10.095329]   Magic number: 1:72:86
[   10.126521] rtc_cmos rtc_cmos: setting system clock to 2025-03-25 16:04:05 UTC (1742918645)
[   10.161516] BIOS EDD facility v0.16 2004-Jun-25, 0 devices found
[   10.194163] EDD information not available.
[   10.246161] Freeing unused kernel image memory: 2480K
[   10.277304] Write protecting the kernel read-only data: 20480k
[   10.302595] Freeing unused kernel image memory: 2008K
[   10.320943] Freeing unused kernel image memory: 1820K
[   10.377359] x86/mm: Checked W+X mappings: passed, no W+X pages found.
[   10.412402] x86/mm: Checking user space page tables
[   10.492740] x86/mm: Checked W+X mappings: passed, no W+X pages found.
Loading, please wait...
starting version 237
[   12.134524] e1000: Intel(R) PRO/1000 Network Driver - version 7.3.21-k8-NAPI
[   12.178202] e1000: Copyright (c) 1999-2006 Intel Corporation.
[   12.281729] Fusion MPT base driver 3.04.20
[   12.298461] Copyright (c) 1999-2008 LSI Corporation
[   12.889715] input: ImExPS/2 Generic Explorer Mouse as /devices/platform/i8042/serio1/input/input4
[   13.250985] Fusion MPT SPI Host driver 3.04.20
[   16.888626] e1000 0000:00:03.0 eth0: (PCI:33MHz:32-bit) 02:3b:7b:b7:3b:2d
[   16.920608] e1000 0000:00:03.0 eth0: Intel(R) PRO/1000 Network Connection
[   16.959637] mptbase: ioc0: Initiating bringup
[   17.121037] ioc0: LSI53C1030 A0: Capabilities={Initiator}
[   17.592367] scsi host2: ioc0: LSI53C1030 A0, FwRev=00000000h, Ports=1, MaxQ=256, IRQ=20
[   17.855017] scsi 2:0:0:0: Direct-Access     VBOX     HARDDISK         1.0  PQ: 0 ANSI: 5
[   17.960650] scsi target2:0:0: Beginning Domain Validation
[   18.161721] scsi target2:0:0: Domain Validation skipping write tests
[   18.204480] scsi target2:0:0: Ending Domain Validation
[   18.395380] scsi target2:0:0: asynchronous
[   18.609722] scsi 2:0:1:0: Direct-Access     VBOX     HARDDISK         1.0  PQ: 0 ANSI: 5
[   18.725920] scsi target2:0:1: Beginning Domain Validation
[   18.890444] scsi target2:0:1: Domain Validation skipping write tests
[   18.926302] scsi target2:0:1: Ending Domain Validation
[   19.046914] scsi target2:0:1: asynchronous
[   19.493084] sd 2:0:0:0: Attached scsi generic sg0 type 0
[   19.547156] sd 2:0:0:0: [sda] 83886080 512-byte logical blocks: (42.9 GB/40.0 GiB)
[   19.598739] sd 2:0:1:0: Attached scsi generic sg1 type 0
[   19.630881] sd 2:0:1:0: [sdb] 20480 512-byte logical blocks: (10.5 MB/10.0 MiB)
[   19.745759] sd 2:0:0:0: [sda] Write Protect is off
[   19.827442] sd 2:0:1:0: [sdb] Write Protect is off
[   19.999154] sd 2:0:1:0: [sdb] Incomplete mode parameter data
[   20.062889] sd 2:0:1:0: [sdb] Assuming drive cache: write through
[   20.101794] sd 2:0:0:0: [sda] Incomplete mode parameter data
[   20.134342] sd 2:0:0:0: [sda] Assuming drive cache: write through
[   20.285060]  sda: sda1
[   20.485569] sd 2:0:0:0: [sda] Attached SCSI disk
[   20.521089] sd 2:0:1:0: [sdb] Attached SCSI disk
[   24.096962] e1000 0000:00:08.0 eth1: (PCI:33MHz:32-bit) 08:00:27:16:40:9c
[   24.128648] e1000 0000:00:08.0 eth1: Intel(R) PRO/1000 Network Connection
[   24.182782] e1000 0000:00:03.0 enp0s3: renamed from eth0
[   24.206656] e1000 0000:00:08.0 enp0s8: renamed from eth1
Begin: Loading essential drivers ... [   32.648723] raid6: sse2x1   gen()   929 MB/s
[   32.744355] raid6: sse2x1   xor()   800 MB/s
[   32.848448] raid6: sse2x2   gen()  1078 MB/s
[   32.944206] raid6: sse2x2   xor()   544 MB/s
[   33.076688] raid6: sse2x4   gen()   951 MB/s
[   33.176350] raid6: sse2x4   xor()   760 MB/s
[   33.209838] raid6: using algorithm sse2x2 gen() 1078 MB/s
[   33.244047] raid6: .... xor() 544 MB/s, rmw enabled
[   33.273488] raid6: using ssse3x2 recovery algorithm
[   33.314272] xor: measuring software checksum speed
[   33.496456]    prefetch64-sse:  7399.000 MB/sec
[   33.702128]    generic_sse:  2832.000 MB/sec
[   33.743236] xor: using function: prefetch64-sse (7399.000 MB/sec)
[   33.812102] async_tx: api initialized (async)
done.
Begin: Running /scripts/init-premount ... done.
Begin: Mounting root file system ... Begin: Running /scripts/local-top ... done.
Begin: Running /scripts/local-premount ... [   35.841119] Btrfs loaded, crc32c=crc32c-intel
Scanning for Btrfs filesystems
done.
Warning: fsck not present, so skipping root file system
[   37.660967] EXT4-fs (sda1): mounted filesystem with ordered data mode. Opts: (null)
done.
Begin: Running /scripts/local-bottom ... done.
Begin: Running /scripts/init-bottom ... done.
[   40.288433] random: crng init done
[   41.428676] ip_tables: (C) 2000-2006 Netfilter Core Team
[   41.729536] systemd[1]: systemd 237 running in system mode. (+PAM +AUDIT +SELINUX +IMA +APPARMOR +SMACK +SYSVINIT +UTMP +LIBCRYPTSETUP +GCRYPT +GNUTLS +ACL +XZ +LZ4 +SECCOMP +BLKID +ELFUTILS +KMOD -IDN2 +IDN -PCRE2 default-hierarchy=hybrid)
[   41.829538] systemd[1]: Detected virtualization oracle.
[   41.864902] systemd[1]: Detected architecture x86-64.

Welcome to [1mUbuntu 18.04.6 LTS[0m!

[   41.947751] systemd[1]: Set hostname to <ubuntu>.
[   42.034243] systemd[1]: Initializing machine ID from random generator.
[   42.098466] systemd[1]: Installed transient /etc/machine-id file.
[   45.164170] systemd[1]: Started Forward Password Requests to Wall Directory Watch.
[[0;32m  OK  [0m] Started Forward Password Requests to Wall Directory Watch.
[   45.208308] systemd[1]: Reached target Swap.
[[0;32m  OK  [0m] Reached target Swap.
[   45.247802] systemd[1]: Reached target System Time Synchronized.
[[0;32m  OK  [0m] Reached target System Time Synchronized.
[   45.291505] systemd[1]: Set up automount Arbitrary Executable File Formats File System Automount Point.
[[0;32m  OK  [0m] Set up automount Arbitrary Executab…rmats File System Automount Point.
[[0;32m  OK  [0m] Reached target Mounting snaps.
[[0;32m  OK  [0m] Reached target User and Group Name Lookups.
[[0;32m  OK  [0m] Reached target Mounted snaps.
[[0;32m  OK  [0m] Created slice User and Session Slice.
[[0;32m  OK  [0m] Created slice System Slice.
[[0;32m  OK  [0m] Listening on Journal Socket (/dev/log).
[[0;32m  OK  [0m] Listening on /dev/initctl Compatibility Named Pipe.
[[0;32m  OK  [0m] Listening on fsck to fsckd communication Socket.
[[0;32m  OK  [0m] Listening on Journal Audit Socket.
[[0;32m  OK  [0m] Listening on Syslog Socket.
[[0;32m  OK  [0m] Listening on LVM2 poll daemon socket.
[[0;32m  OK  [0m] Reached target Slices.
[[0;32m  OK  [0m] Listening on udev Kernel Socket.
[[0;32m  OK  [0m] Listening on Journal Socket.
         Starting Create list of required st…ce nodes for the current kernel...
         Starting Uncomplicated firewall...
         Mounting POSIX Message Queue File System...
         Starting Journal Service...
[[0;32m  OK  [0m] Listening on Device-mapper event daemon FIFOs.
         Starting Load Kernel Modules...
         Mounting Kernel Debug File System...
[[0;32m  OK  [0m] Listening on udev Control Socket.
         Starting udev Coldplug all Devices...
[   46.762507] systemd[1]: Starting File System Check on Root Device...
         Starting File System Check on Root Device...
[   46.902752] systemd[1]: Listening on Network Service Netlink Socket.
[[0;32m  OK  [0m] Listening on Network Service Netlink Socket.
[   47.074079] systemd[1]: Starting Set the console keyboard layout...
[   47.127642] Loading iSCSI transport class v2.0-870.
         Starting Set the console keyboard layout...
[   47.162687] systemd[1]: Listening on LVM2 metadata daemon socket.
[[0;32m  OK  [0m] Listening on LVM2 metadata daemon socket.
[   47.279443] systemd[1]: Starting Monitoring of LVM2 mirrors, snapshots etc. using dmeventd or progress polling...
         Starting Monitoring of LVM2 mirrors…ng dmeventd or progress polling...
[   47.434157] systemd[1]: Created slice system-serial\x2dgetty.slice.
[[0;32m  OK  [0m] Created slice system-serial\x2dgetty.slice.
[   47.530577] iscsi: registered transport (tcp)
[   47.548115] systemd[1]: Mounting Huge Pages File System...
         Mounting Huge Pages File System...
[   47.835194] systemd[1]: Started Journal Service.
[[0;32m  OK  [0m] Started Journal Service.
[[0;32m  OK  [0m] Started Create list of required sta…vice nodes for the current kernel.
[[0;32m  OK  [0m] Started Uncomplicated firewall.
[[0;32m  OK  [0m] Mounted POSIX Message Queue File System.
[[0;32m  OK  [0m] Mounted Kernel Debug File System.
[[0;32m  OK  [0m] Started File System Check on Root Device.
[[0;32m  OK  [0m] Mounted Huge Pages File System.
[[0;32m  OK  [0m] Started File System Check Daemon to report status.
         Starting Remount Root and Kernel File Systems...
         Starting Create Static Device Nodes in /dev...
[[0;32m  OK  [0m] Started LVM2 metadata daemon.
[   48.653415] iscsi: registered transport (iser)
[[0;32m  OK  [0m] Started Load Kernel Modules.
         Mounting Kernel Configuration File System...
[   48.963734] EXT4-fs (sda1): re-mounted. Opts: (null)
         Mounting FUSE Control File System...
         Starting Apply Kernel Variables...
[[0;32m  OK  [0m] Mounted Kernel Configuration File System.
[[0;32m  OK  [0m] Mounted FUSE Control File System.
[[0;32m  OK  [0m] Started Remount Root and Kernel File Systems.
         Starting Load/Save Random Seed...
         Starting Flush Journal to Persistent Storage...
[[0;32m  OK  [0m] Started Create Static Device Nodes in /dev.
         Starting udev Kernel Device Manager...
[[0;32m  OK  [0m] Started Monitoring of LVM2 mirrors,…sing dmeventd or progress polling.
[[0;32m  OK  [0m] Started Apply Kernel Variables.
[[0;32m  OK  [0m] Started Load/Save Random Seed.
[[0;32m  OK  [0m] Started Flush Journal to Persistent Storage.
[[0;32m  OK  [0m] Started udev Coldplug all Devices.
[[0;32m  OK  [0m] Started udev Kernel Device Manager.
[[0;32m  OK  [0m] Found device /dev/ttyS0.
[[0;32m  OK  [0m] Listening on Load/Save RF Kill Switch Status /dev/rfkill Watch.
[[0;32m  OK  [0m] Started Set the console keyboard layout.
[[0;32m  OK  [0m] Reached target Local File Systems (Pre).
[[0;32m  OK  [0m] Reached target Local File Systems.
         Starting Create Volatile Files and Directories...
         Starting ebtables ruleset management...
         Starting AppArmor initialization...
         Starting Commit a transient machine-id on disk...
         Starting Set console font and keymap...
         Starting Tell Plymouth To Write Out Runtime Data...
[[0;32m  OK  [0m] Started Dispatch Password Requests to Console Directory Watch.
[[0;32m  OK  [0m] Reached target Local Encrypted Volumes.
[[0;32m  OK  [0m] Started Tell Plymouth To Write Out Runtime Data.
[[0;32m  OK  [0m] Started Commit a transient machine-id on disk.
[[0;32m  OK  [0m] Started Create Volatile Files and Directories.
         Starting Update UTMP about System Boot/Shutdown...
[[0;32m  OK  [0m] Started Update UTMP about System Boot/Shutdown.
[[0;32m  OK  [0m] Started ebtables ruleset management.
         Mounting Arbitrary Executable File Formats File System...
[[0;32m  OK  [0m] Mounted Arbitrary Executable File Formats File System.
[  [0;31m*[0;1;31m*[0m[0;31m* [0m] (1 of 2) A start job is running for…or initialization (35s / no limit)[K[   [0;31m*[0;1;31m*[0m[0;31m*[0m] (1 of 2) A start job is running for…or initialization (36s / no limit)[K[    [0;31m*[0;1;31m*[0m] (1 of 2) A start job is running for…or initialization (39s / no limit)[K[     [0;31m*[0m] (2 of 2) A start job is running for…e font and keymap (41s / no limit)[K[    [0;31m*[0;1;31m*[0m] (2 of 2) A start job is running for…e font and keymap (42s / no limit)[K[[0;32m  OK  [0m] Started AppArmor initialization.
         Starting Load AppArmor profiles managed internally by snapd...
         Starting Initial cloud-init job (pre-networking)...
[[0;32m  OK  [0m] Started Load AppArmor profiles managed internally by snapd.
[[0;32m  OK  [0m] Started Set console font and keymap.
[  105.720819] cloud-init[749]: Cloud-init v. 23.1.2-0ubuntu0~18.04.1 running 'init-local' at Tue, 25 Mar 2025 16:05:36 +0000. Up 100.81 seconds.
[[0;32m  OK  [0m] Started Initial cloud-init job (pre-networking).
[[0;32m  OK  [0m] Reached target Network (Pre).
         Starting Network Service...
[[0;32m  OK  [0m] Started Network Service.
         Starting Network Name Resolution...
         Starting Wait for Network to be Configured...
[[0;32m  OK  [0m] Started Network Name Resolution.
[[0;32m  OK  [0m] Reached target Host and Network Name Lookups.
[[0;32m  OK  [0m] Reached target Network.
[[0;32m  OK  [0m] Started Wait for Network to be Configured.
         Starting Initial cloud-init job (metadata service crawler)...
[  120.633552] cloud-init[846]: Cloud-init v. 23.1.2-0ubuntu0~18.04.1 running 'init' at Tue, 25 Mar 2025 16:05:53 +0000. Up 117.96 seconds.
[  120.747856] cloud-init[846]: ci-info: ++++++++++++++++++++++++++++++++++++++Net device info+++++++++++++++++++++++++++++++++++++++
[  120.855515] cloud-init[846]: ci-info: +--------+-------+----------------------------+---------------+--------+-------------------+
[  120.988894] cloud-init[846]: ci-info: | Device |   Up  |          Address           |      Mask     | Scope  |     Hw-Address    |
[  121.034113] cloud-init[846]: ci-info: +--------+-------+----------------------------+---------------+--------+-------------------+
[  121.123171] cloud-init[846]: ci-info: | enp0s3 |  True |         10.0.2.15          | 255.255.255.0 | global | 02:3b:7b:b7:3b:2d |
[  121.255688] cloud-init[846]: ci-info: | enp0s3 |  True | fd00::3b:7bff:feb7:3b2d/64 |       .       | global | 02:3b:7b:b7:3b:2d |
[  121.408263] cloud-init[846]: ci-info: | enp0s3 |  True | fe80::3b:7bff:feb7:3b2d/64 |       .       |  link  | 02:3b:7b:b7:3b:2d |
[  121.494340] cloud-init[846]: ci-info: | enp0s8 | False |             .              |       .       |   .    | 08:00:27:16:40:9c |
[  121.562623] cloud-init[846]: ci-info: |   lo   |  True |         127.0.0.1          |   255.0.0.0   |  host  |         .         |
[  121.678249] cloud-init[846]: ci-info: |   lo   |  True |          ::1/128           |       .       |  host  |         .         |
[  121.814314] cloud-init[846]: ci-info: +--------+-------+----------------------------+---------------+--------+-------------------+
[  121.861277] cloud-init[846]: ci-info: ++++++++++++++++++++++++++++Route IPv4 info+++++++++++++++++++++++++++++
[  121.945947] cloud-init[846]: ci-info: +-------+-------------+----------+-----------------+-----------+-------+
[  121.992827] cloud-init[846]: ci-info: | Route | Destination | Gateway  |     Genmask     | Interface | Flags |
[  122.031430] cloud-init[846]: ci-info: +-------+-------------+----------+-----------------+-----------+-------+
[  122.093159] cloud-init[846]: ci-info: |   0   |   0.0.0.0   | 10.0.2.2 |     0.0.0.0     |   enp0s3  |   UG  |
[  122.196979] cloud-init[846]: ci-info: |   1   |   10.0.2.0  | 0.0.0.0  |  255.255.255.0  |   enp0s3  |   U   |
[  122.297788] cloud-init[846]: ci-info: |   2   |   10.0.2.2  | 0.0.0.0  | 255.255.255.255 |   enp0s3  |   UH  |
[  122.347194] cloud-init[846]: ci-info: +-------+-------------+----------+-----------------+-----------+-------+
[  122.409209] cloud-init[846]: ci-info: +++++++++++++++++++Route IPv6 info+++++++++++++++++++
[  122.495872] cloud-init[846]: ci-info: +-------+-------------+---------+-----------+-------+
[  122.598259] cloud-init[846]: ci-info: | Route | Destination | Gateway | Interface | Flags |
[  122.679517] cloud-init[846]: ci-info: +-------+-------------+---------+-----------+-------+
[  122.732818] cloud-init[846]: ci-info: |   1   |  fd00::/64  |    ::   |   enp0s3  |   U   |
[  122.806816] cloud-init[846]: ci-info: |   2   |  fe80::/64  |    ::   |   enp0s3  |   U   |
[  122.857648] cloud-init[846]: ci-info: |   3   |     ::/0    | fe80::2 |   enp0s3  |   UG  |
[  122.934320] cloud-init[846]: ci-info: |   5   |    local    |    ::   |   enp0s3  |   U   |
[  123.018081] cloud-init[846]: ci-info: |   6   |    local    |    ::   |   enp0s3  |   U   |
[  123.162984] cloud-init[846]: ci-info: |   7   |   ff00::/8  |    ::   |   enp0s3  |   U   |
[  123.201066] cloud-init[846]: ci-info: +-------+-------------+---------+-----------+-------+
[  130.696318] cloud-init[846]: Generating public/private rsa key pair.
[  130.841511] cloud-init[846]: Your identification has been saved in /etc/ssh/ssh_host_rsa_key.
[  130.965054] cloud-init[846]: Your public key has been saved in /etc/ssh/ssh_host_rsa_key.pub.
[  131.147259] cloud-init[846]: The key fingerprint is:
[  131.274126] cloud-init[846]: SHA256:bi7It+gjVV7du6+Ljv0BMjg+RSZMdGHK1UfqvAeoWD0 root@ubuntu-bionic
[  131.432550] cloud-init[846]: The key's randomart image is:
[  132.017751] cloud-init[846]: +---[RSA 2048]----+
[  132.201111] cloud-init[846]: |     .o =o ..    |
[  132.295292] cloud-init[846]: |     + =  ...    |
[  132.519880] cloud-init[846]: |      = o..o     |
[  132.704183] cloud-init[846]: |      .*.+. .    |
[  132.968425] cloud-init[[0;32m  OK  [0m] Started Initial cloud-init job (metadata service crawler).
[[846]: |     o+.E =  .   |[0;32m  OK  [0m
[  133.066824] ] Reached target Network is Online.cloud-init[846]: |    .+.= + +.    |
[  133.167900] 
cloud-init[[0;32m  OK  [0m[846]: |   o..+ o . o.   |] Reached target Remote File Systems (Pre).
[  133.290010] cloud-init
[846]: |  . +.o+ o o..   |[[0;32m  OK  [0m] Reached target Remote File Systems.

[  133.350140]          Starting Availability of block devices...
[cloud-init[846]: [0;32m  OK  [0m] Reached target System Initialization.
|   ooo.oo.+.++.  |
[  133.506154] [[0;32m  OK  [0m] Started Ubuntu Advantage Timer for running repeated jobs.
cloud-init[846]:          +----[SHA256]-----+
Starting LXD - unix socket.
[[0;32m  OK  [0m] Listening on D-Bus System Message Bus Socket.[  133.740084] 
cloud-init[846]: Generating public/private dsa key pair.         Starting Socket activation for snappy daemon.

[[  133.850178] cloud-init[0;32m  OK  [0m[846]: ] Started Daily apt download activities.
[[0;32m  OK  [0m] Your identification has been saved in /etc/ssh/ssh_host_dsa_key.Started Daily apt upgrade and clean activities.
[[0;32m  OK  [0m] Started Message of the Day.

[  134.053347] cloud-init[846]: [[0;32m  OK  [0mYour public key has been saved in /etc/ssh/ssh_host_dsa_key.pub.] Started Discard unused blocks once a week.

[[  134.176197] [0;32m  OK  [0mcloud-init] Started ACPI Events Check.
[846]: [[0;32m  OK  [0m] Reached target Paths.
[[0;32m  OK  [0m] Listening on Open-iSCSI iscsid Socket.
[The key fingerprint is:[0;32m  OK  [0m
[  134.373237] cloud-init] Listening on ACPID Listen Socket.
[[846]: SHA256:ZghV7RiRXAEQG50H+4bXUkdGt380frqdjQxXn24UymE root@ubuntu-bionic[0;32m  OK  [0m] 
[  134.439399] Listening on UUID daemon activation socket.cloud-init[846]: The key's randomart image is:
[
[0;32m  OK  [0m[  134.506256] cloud-init] Started Daily Cleanup of Temporary Directories.
[846]: [[0;32m  OK  [0m+---[DSA 1024]----+
[  134.578515] ] Reached target Timers.
cloud-init[846]: |      =*=Oo. .+ .|[[0;32m  OK  [0m
[  134.626838] ] Listening on cloud-init hotplug hook socket.cloud-init
[[846]: |     . o*.o  o ..|[0;32m  OK  [0m] Reached target Cloud-config availability.
[  134.693137] cloud-init[846]: |    . . .=  . .o.|
[[0;32m  OK  [0m
[  134.741209] cloud-init] Started Availability of block devices.
[[846]: |     . ..o.o E.oo|[0;32m  OK  [0m
[  134.790424] ] Listening on LXD - unix socket.
cloud-init[846]: [[0;32m  OK  [0m|      . S = + o.*|] Listening on Socket activation for snappy daemon.

[[0;32m  OK  [0m[  135.055301] ] cloud-initReached target Sockets.[846]: 
[|       o o . o +=|[0;32m  OK  [0m] 
Reached target Basic System.[  135.178121] cloud-init
[846]: |            . +..|         
Starting LSB: automatic crash report generation...
[  135.262822] cloud-init         Starting Accounts Service...
[[0;32m  OK  [0m] Started D-Bus System Message Bus.
[846]: |             +.=o|
[  135.581282] cloud-init[846]: |              =oo|
[  135.713943] cloud-init[846]: +----[SHA256]-----+
[  135.844824] cloud-init[846]: Generating public/private ecdsa key pair.
[  135.998089] cloud-init[846]: Your identification has been saved in /etc/ssh/ssh_host_ecdsa_key.
[  136.081242] cloud-init[846]: Your public key has been saved in /etc/ssh/ssh_host_ecdsa_key.pub.
[[0;32m  OK  [0m] Started irqbalance daemon.
         [  136.382094] Starting Virtualbox guest utils...
         cloud-initStarting System Logging Service...
[[0;32m  OK  [0m] Started FUSE filesystem for LXC.
[[846]: [0;32m  OK  [0mThe key fingerprint is:] Reached target Login Prompts (Pre).
         Starting Pollinate to seed the pseudo random number generator...
         Starting Dispatcher daemon for systemd-networkd...
[  136.777588] 
[[0;32m  OK  [0m] Started Regular background program processing daemon.
[[0;32m  OK  [0m] Started Deferred execution scheduler.cloud-init
[846]:          Starting Permit User Sessions...
         Starting Snap Daemon...
SHA256:PiUfjzYeE5vFaao627zW6vVUZ6+j7+W9898cyNBtAos root@ubuntu-bionic         Starting LSB: Record successful boot for GRUB...
         Starting Login Service...
         Starting LXD - container startup/shutdown...
         Starting Authorization Manager...
         Starting Hostname Service...

[  138.221210] [[0;32m  OK  [0m] Started Permit User Sessions.
         Starting Hold until boot process finishes up...
         Starting Terminate Plymouth Boot Screen...
cloud-init[[0;32m  OK  [0m] Started Hold until boot process finishes up.
[[0;32m  OK  [0m] Started Serial Getty on ttyS0.[846]: 
The key's randomart image is:         Starting Set console scheme...
[[0;32m  OK  [0m] Started Terminate Plymouth Boot Screen.
[[0;32m  OK  [0m] Started System Logging Service.
[[0;32m  OK  [0m] Started Set console scheme.

[[0;32m  OK  [0m[  139.653294] ] Started Login Service.
[[0;32m  OK  [0m] Started Authorization Manager.
[cloud-init[846]: [0;32m  OK  [0m] Started Accounts Service.
[[0;32m  OK  [0m] Started Unattended Upgrades Shutdown.
+---[ECDSA 256]---+[[0;32m  OK  [0m] Created slice system-getty.slice.
[[0;32m  OK  [0m] Started Getty on tty1.
[[0;32m  OK  [0m] Reached target Login Prompts.
[[0;32m  OK  [0m] 
Started LSB: automatic crash report generation.[  140.199437] 
cloud-init[[0;32m  OK  [0m] Started Hostname Service.
[846]: |                 |
[  141.113018] cloud-init[846]: |                 |
[  141.496377] cloud-init[846]: |           .     |
[  142.116534] cloud-init[846]: |          ..+..  |
[  142.734919] cloud-init[846]: |        SE+o=o.oo|
[  143.309186] [[0;32m  OK  [0m] Started LSB: Record successful boot for GRUB.
cloud-init[846]: |       . + @o.+o.|
[  144.120888] cloud-init[846]: |        o.% oo .o|
[  144.813796] cloud-init[846]: |      .o.*.*  .*+|
[  145.192858] cloud-init[846]: |      o*Bo. o++o%|
[  145.464367] cloud-init[846]: +----[SHA256]-----+
[  145.836270] cloud-init[846]: Generating public/private ed25519 key pair.
[  146.077978] cloud-init[846]: 
UYour identification has been saved in /etc/ssh/ssh_host_ed25519_key.buntu
 18.0[  146.701522] cloud-init[846]: Your public key has been saved in /etc/ssh/ssh_host_ed25519_key.pub.4.6 
L[  147.101568] TS ubuntu-bioniccloud-init[846]:  ttyS0The key fingerprint is:

[  147.526598] 
cloud-initubuntu-bionic[846]: SHA256:gnln3GPf5BOGbbT9vSvhgNzSW+/Jyq+b03ko/U1NuIY root@ubuntu-bionic login: 
[  148.069320] cloud-init[846]: The key's randomart image is:
[  148.293705] cloud-init[846]: +--[ED25519 256]--+
[  148.695424] cloud-init[846]: |                 |
[  149.043298] cloud-init[846]: |                 |
[  149.265624] cloud-init[846]: |              .  |
[  149.382546] cloud-init[846]: |     o . .   + + |
[  149.596784] cloud-init[846]: |    o o S B . O o|
[  150.466691] cloud-init[846]: |     . + = * X ++|
[  151.016270] cloud-init[846]: |          . E.X.*|
[  151.169594] cloud-init[846]: |           .o==*=|
[  151.385977] cloud-init[846]: |             BOO=|
[  151.533881] cloud-init[846]: +----[SHA256]-----+
[  196.485785] cloud-init[1386]: Cloud-init v. 23.1.2-0ubuntu0~18.04.1 running 'modules:config' at Tue, 25 Mar 2025 16:07:06 +0000. Up 191.07 seconds.
ci-info: no authorized SSH keys fingerprints found for user ubuntu.
<14>Mar 25 16:07:18 cloud-init: #############################################################
<14>Mar 25 16:07:19 cloud-init: -----BEGIN SSH HOST KEY FINGERPRINTS-----
<14>Mar 25 16:07:19 cloud-init: 1024 SHA256:ZghV7RiRXAEQG50H+4bXUkdGt380frqdjQxXn24UymE root@ubuntu-bionic (DSA)
<14>Mar 25 16:07:19 cloud-init: 256 SHA256:PiUfjzYeE5vFaao627zW6vVUZ6+j7+W9898cyNBtAos root@ubuntu-bionic (ECDSA)
<14>Mar 25 16:07:19 cloud-init: 256 SHA256:gnln3GPf5BOGbbT9vSvhgNzSW+/Jyq+b03ko/U1NuIY root@ubuntu-bionic (ED25519)
<14>Mar 25 16:07:19 cloud-init: 2048 SHA256:bi7It+gjVV7du6+Ljv0BMjg+RSZMdGHK1UfqvAeoWD0 root@ubuntu-bionic (RSA)
<14>Mar 25 16:07:19 cloud-init: -----END SSH HOST KEY FINGERPRINTS-----
<14>Mar 25 16:07:19 cloud-init: #############################################################
-----BEGIN SSH HOST KEY KEYS-----
ecdsa-sha2-nistp256 AAAAE2VjZHNhLXNoYTItbmlzdHAyNTYAAAAIbmlzdHAyNTYAAABBBJPKOGuiGkQUN1es7rnze5X2iMk1Mo9GjRJrC65D1/JGANCIljJyt1xE/MzmTt3dnocXryUdgcoL02oScZs98Ww= root@ubuntu-bionic
ssh-ed25519 AAAAC3NzaC1lZDI1NTE5AAAAIFeNxV1NGZZMyOpBVq96tAnB61Y3ZW3DISDzNXTuXSEe root@ubuntu-bionic
ssh-rsa AAAAB3NzaC1yc2EAAAADAQABAAABAQDSdQLOQOQmi6mdClBj9GkAVE3Kqmw6YXDwq7lP9ou1xjbiDNhkfHp9StA9wz9zgsAdHEEuQ35wloHna9R/msmXxYgaxOXozwUhxr+Gvgx2UoN/MQXYM0W0X/ZnhmvjwxVts4GXBPLZJ6rQqgSisdzZTkLdfoluORw81Y8MtyOza+nExIHtTFo4H352X6RmaFKWdmTwynrseZyhoC20eqU1CCMfoloRQO9+chtrY9oajj9MMf3EqoCsjYT6LsPIQ83cVVRdhRmXT8TLm+RX25uDmnxvOo84s2M3udq8dlxHDFwVCBhUydeXk6YyBbvBRGzWTLP8Ztq1BVl1OeCWZa53 root@ubuntu-bionic
-----END SSH HOST KEY KEYS-----
[  204.287764] cloud-init[1514]: Cloud-init v. 23.1.2-0ubuntu0~18.04.1 running 'modules:final' at Tue, 25 Mar 2025 16:07:17 +0000. Up 202.18 seconds.
[  204.367459] cloud-init[1514]: Cloud-init v. 23.1.2-0ubuntu0~18.04.1 finished at Tue, 25 Mar 2025 16:07:19 +0000. Datasource DataSourceNoCloud [seed=/dev/sdb][dsmode=net].  Up 204.24 seconds
